<?xml version="1.0" encoding="UTF-8"?>
<!-- Generated by org.testng.reporters.JUnitXMLReporter -->
<testsuite ignored="0" hostname="System-Alik" failures="0" tests="3" name="Default test" time="115.743" errors="0" timestamp="2022-05-31T13:13:12 IST">
  <testcase classname="com.cucumber.OpenLibrary.AppTest" name="showCase" time="16.019"/>
  <testcase classname="com.cucumber.OpenLibrary.AppTest" name="getString" time="17.734"/>
  <testcase classname="com.cucumber.OpenLibrary.AppTest" name="condChk" time="0.03"/>
</testsuite> <!-- Default test -->
