<?xml version="1.0" encoding="UTF-8"?>
<testng-results ignored="0" total="3" passed="3" failed="0" skipped="0">
  <reporter-output>
  </reporter-output>
  <suite started-at="2022-05-31T13:11:15 IST" name="Default suite" finished-at="2022-05-31T13:13:11 IST" duration-ms="115743">
    <groups>
    </groups>
    <test started-at="2022-05-31T13:11:15 IST" name="Default test" finished-at="2022-05-31T13:13:11 IST" duration-ms="115743">
      <class name="com.cucumber.OpenLibrary.AppTest">
        <test-method is-config="true" signature="startDriver()[pri:0, instance:com.cucumber.OpenLibrary.AppTest@59fd97a8]" started-at="2022-05-31T13:11:15 IST" name="startDriver" finished-at="2022-05-31T13:12:29 IST" duration-ms="73747" status="PASS">
          <reporter-output>
          </reporter-output>
        </test-method> <!-- startDriver -->
        <test-method signature="showCase()[pri:0, instance:com.cucumber.OpenLibrary.AppTest@59fd97a8]" started-at="2022-05-31T13:12:29 IST" name="showCase" finished-at="2022-05-31T13:12:45 IST" duration-ms="16019" status="PASS">
          <reporter-output>
          </reporter-output>
        </test-method> <!-- showCase -->
        <test-method signature="getString()[pri:1, instance:com.cucumber.OpenLibrary.AppTest@59fd97a8]" started-at="2022-05-31T13:12:45 IST" name="getString" finished-at="2022-05-31T13:13:03 IST" duration-ms="17734" status="PASS">
          <reporter-output>
          </reporter-output>
        </test-method> <!-- getString -->
        <test-method signature="condChk()[pri:2, instance:com.cucumber.OpenLibrary.AppTest@59fd97a8]" started-at="2022-05-31T13:13:03 IST" name="condChk" finished-at="2022-05-31T13:13:03 IST" duration-ms="30" status="PASS">
          <reporter-output>
          </reporter-output>
        </test-method> <!-- condChk -->
        <test-method is-config="true" signature="stopDriver()[pri:0, instance:com.cucumber.OpenLibrary.AppTest@59fd97a8]" started-at="2022-05-31T13:13:03 IST" name="stopDriver" finished-at="2022-05-31T13:13:11 IST" duration-ms="7828" status="PASS">
          <reporter-output>
          </reporter-output>
        </test-method> <!-- stopDriver -->
      </class> <!-- com.cucumber.OpenLibrary.AppTest -->
    </test> <!-- Default test -->
  </suite> <!-- Default suite -->
</testng-results>
